<?xml version="1.0" encoding="UTF-8"?>
<robot generator="Robot 4.1.3 (Python 3.10.1 on win32)" generated="20220109 16:19:09.729" rpa="false" schemaversion="2">
<suite id="s1" name="Demo" source="D:\_cypress\robot-framwork\demo.robot">
<test id="s1-t1" name="Login success">
<kw name="go to herokuapp">
<kw name="Open Browser" library="Selenium2Library">
<arg>${URL}</arg>
<arg>${browser}</arg>
<doc>Opens a new browser instance to the optional ``url``.</doc>
<msg timestamp="20220109 16:19:09.966" level="INFO">Opening browser 'chrome' to base url 'http://the-internet.herokuapp.com/login'.</msg>
<status status="PASS" starttime="20220109 16:19:09.966" endtime="20220109 16:19:17.520"/>
</kw>
<status status="PASS" starttime="20220109 16:19:09.966" endtime="20220109 16:19:17.520"/>
</kw>
<kw name="Element Should Contain" library="Selenium2Library">
<arg>class:example</arg>
<arg>Login Page</arg>
<doc>Verifies that element ``locator`` contains text ``expected``.</doc>
<msg timestamp="20220109 16:19:17.551" level="INFO">Element 'class:example' contains text 'Login Page'.</msg>
<status status="PASS" starttime="20220109 16:19:17.521" endtime="20220109 16:19:17.551"/>
</kw>
<kw name="Input Text" library="Selenium2Library">
<arg>id:username</arg>
<arg>${usernameValid}</arg>
<doc>Types the given ``text`` into the text field identified by ``locator``.</doc>
<msg timestamp="20220109 16:19:17.551" level="INFO">Typing text 'tomsmith' into text field 'id:username'.</msg>
<status status="PASS" starttime="20220109 16:19:17.551" endtime="20220109 16:19:17.621"/>
</kw>
<kw name="Input Text" library="Selenium2Library">
<arg>id:password</arg>
<arg>${passwordValid}</arg>
<doc>Types the given ``text`` into the text field identified by ``locator``.</doc>
<msg timestamp="20220109 16:19:17.622" level="INFO">Typing text 'SuperSecretPassword!' into text field 'id:password'.</msg>
<status status="PASS" starttime="20220109 16:19:17.621" endtime="20220109 16:19:17.682"/>
</kw>
<kw name="Click Element" library="Selenium2Library">
<arg>class:radius</arg>
<doc>Click the element identified by ``locator``.</doc>
<msg timestamp="20220109 16:19:17.683" level="INFO">Clicking element 'class:radius'.</msg>
<status status="PASS" starttime="20220109 16:19:17.683" endtime="20220109 16:19:19.557"/>
</kw>
<kw name="Wait Until Element Is Visible" library="Selenium2Library">
<arg>id:flash</arg>
<doc>Waits until the element ``locator`` is visible.</doc>
<status status="PASS" starttime="20220109 16:19:19.557" endtime="20220109 16:19:19.582"/>
</kw>
<kw name="Element Should Contain" library="Selenium2Library">
<arg>id:flash</arg>
<arg>You logged into a secure area!</arg>
<doc>Verifies that element ``locator`` contains text ``expected``.</doc>
<msg timestamp="20220109 16:19:19.600" level="INFO">Element 'id:flash' contains text 'You logged into a secure area!'.</msg>
<status status="PASS" starttime="20220109 16:19:19.582" endtime="20220109 16:19:19.600"/>
</kw>
<kw name="Click Link" library="Selenium2Library">
<arg>/logout</arg>
<doc>Clicks a link identified by ``locator``.</doc>
<msg timestamp="20220109 16:19:19.601" level="INFO">Clicking link '/logout'.</msg>
<status status="PASS" starttime="20220109 16:19:19.600" endtime="20220109 16:19:21.650"/>
</kw>
<kw name="Wait Until Element Is Visible" library="Selenium2Library">
<arg>id:flash</arg>
<doc>Waits until the element ``locator`` is visible.</doc>
<status status="PASS" starttime="20220109 16:19:21.650" endtime="20220109 16:19:21.670"/>
</kw>
<kw name="Element Should Contain" library="Selenium2Library">
<arg>id:flash</arg>
<arg>You logged out of the secure area!</arg>
<doc>Verifies that element ``locator`` contains text ``expected``.</doc>
<msg timestamp="20220109 16:19:21.690" level="INFO">Element 'id:flash' contains text 'You logged out of the secure area!'.</msg>
<status status="PASS" starttime="20220109 16:19:21.671" endtime="20220109 16:19:21.690"/>
</kw>
<kw name="Close All Browsers" library="Selenium2Library" type="TEARDOWN">
<doc>Closes all open browsers and resets the browser cache.</doc>
<status status="PASS" starttime="20220109 16:19:21.691" endtime="20220109 16:19:23.831"/>
</kw>
<status status="PASS" starttime="20220109 16:19:09.965" endtime="20220109 16:19:23.833"/>
</test>
<test id="s1-t2" name="Login failed-Password incorrect">
<kw name="go to herokuapp">
<kw name="Open Browser" library="Selenium2Library">
<arg>${URL}</arg>
<arg>${browser}</arg>
<doc>Opens a new browser instance to the optional ``url``.</doc>
<msg timestamp="20220109 16:19:23.842" level="INFO">Opening browser 'chrome' to base url 'http://the-internet.herokuapp.com/login'.</msg>
<status status="PASS" starttime="20220109 16:19:23.841" endtime="20220109 16:19:29.627"/>
</kw>
<status status="PASS" starttime="20220109 16:19:23.840" endtime="20220109 16:19:29.628"/>
</kw>
<kw name="Element Should Contain" library="Selenium2Library">
<arg>class:example</arg>
<arg>Login Page</arg>
<doc>Verifies that element ``locator`` contains text ``expected``.</doc>
<msg timestamp="20220109 16:19:29.654" level="INFO">Element 'class:example' contains text 'Login Page'.</msg>
<status status="PASS" starttime="20220109 16:19:29.628" endtime="20220109 16:19:29.654"/>
</kw>
<kw name="Input Text" library="Selenium2Library">
<arg>id:username</arg>
<arg>${usernameValid}</arg>
<doc>Types the given ``text`` into the text field identified by ``locator``.</doc>
<msg timestamp="20220109 16:19:29.654" level="INFO">Typing text 'tomsmith' into text field 'id:username'.</msg>
<status status="PASS" starttime="20220109 16:19:29.654" endtime="20220109 16:19:29.720"/>
</kw>
<kw name="Input Text" library="Selenium2Library">
<arg>id:password</arg>
<arg>${passwordInvalid}</arg>
<doc>Types the given ``text`` into the text field identified by ``locator``.</doc>
<msg timestamp="20220109 16:19:29.721" level="INFO">Typing text 'Password!' into text field 'id:password'.</msg>
<status status="PASS" starttime="20220109 16:19:29.721" endtime="20220109 16:19:29.778"/>
</kw>
<kw name="Click Element" library="Selenium2Library">
<arg>class:radius</arg>
<doc>Click the element identified by ``locator``.</doc>
<msg timestamp="20220109 16:19:29.779" level="INFO">Clicking element 'class:radius'.</msg>
<status status="PASS" starttime="20220109 16:19:29.779" endtime="20220109 16:19:31.966"/>
</kw>
<kw name="Wait Until Element Is Visible" library="Selenium2Library">
<arg>id:flash</arg>
<doc>Waits until the element ``locator`` is visible.</doc>
<status status="PASS" starttime="20220109 16:19:31.967" endtime="20220109 16:19:31.996"/>
</kw>
<kw name="Element Should Contain" library="Selenium2Library">
<arg>id:flash</arg>
<arg>Your password is invalid!</arg>
<doc>Verifies that element ``locator`` contains text ``expected``.</doc>
<msg timestamp="20220109 16:19:32.015" level="INFO">Element 'id:flash' contains text 'Your password is invalid!'.</msg>
<status status="PASS" starttime="20220109 16:19:31.996" endtime="20220109 16:19:32.015"/>
</kw>
<kw name="Close All Browsers" library="Selenium2Library" type="TEARDOWN">
<doc>Closes all open browsers and resets the browser cache.</doc>
<status status="PASS" starttime="20220109 16:19:32.015" endtime="20220109 16:19:34.230"/>
</kw>
<status status="PASS" starttime="20220109 16:19:23.837" endtime="20220109 16:19:34.230"/>
</test>
<test id="s1-t3" name="Login failed-Username not found">
<kw name="go to herokuapp">
<kw name="Open Browser" library="Selenium2Library">
<arg>${URL}</arg>
<arg>${browser}</arg>
<doc>Opens a new browser instance to the optional ``url``.</doc>
<msg timestamp="20220109 16:19:34.233" level="INFO">Opening browser 'chrome' to base url 'http://the-internet.herokuapp.com/login'.</msg>
<status status="PASS" starttime="20220109 16:19:34.233" endtime="20220109 16:19:38.634"/>
</kw>
<status status="PASS" starttime="20220109 16:19:34.232" endtime="20220109 16:19:38.634"/>
</kw>
<kw name="Element Should Contain" library="Selenium2Library">
<arg>class:example</arg>
<arg>Login Page</arg>
<doc>Verifies that element ``locator`` contains text ``expected``.</doc>
<msg timestamp="20220109 16:19:38.662" level="INFO">Element 'class:example' contains text 'Login Page'.</msg>
<status status="PASS" starttime="20220109 16:19:38.635" endtime="20220109 16:19:38.662"/>
</kw>
<kw name="Input Text" library="Selenium2Library">
<arg>id:username</arg>
<arg>${usernameInvalid}</arg>
<doc>Types the given ``text`` into the text field identified by ``locator``.</doc>
<msg timestamp="20220109 16:19:38.662" level="INFO">Typing text 'tomholland' into text field 'id:username'.</msg>
<status status="PASS" starttime="20220109 16:19:38.662" endtime="20220109 16:19:38.735"/>
</kw>
<kw name="Input Text" library="Selenium2Library">
<arg>id:password</arg>
<arg>${passwordInvalid}</arg>
<doc>Types the given ``text`` into the text field identified by ``locator``.</doc>
<msg timestamp="20220109 16:19:38.736" level="INFO">Typing text 'Password!' into text field 'id:password'.</msg>
<status status="PASS" starttime="20220109 16:19:38.735" endtime="20220109 16:19:38.799"/>
</kw>
<kw name="Click Element" library="Selenium2Library">
<arg>class:radius</arg>
<doc>Click the element identified by ``locator``.</doc>
<msg timestamp="20220109 16:19:38.799" level="INFO">Clicking element 'class:radius'.</msg>
<status status="PASS" starttime="20220109 16:19:38.799" endtime="20220109 16:19:39.731"/>
</kw>
<kw name="Wait Until Element Is Visible" library="Selenium2Library">
<arg>id:flash</arg>
<doc>Waits until the element ``locator`` is visible.</doc>
<status status="PASS" starttime="20220109 16:19:39.732" endtime="20220109 16:19:39.754"/>
</kw>
<kw name="Element Should Contain" library="Selenium2Library">
<arg>id:flash</arg>
<arg>Your username is invalid!</arg>
<doc>Verifies that element ``locator`` contains text ``expected``.</doc>
<msg timestamp="20220109 16:19:39.771" level="INFO">Element 'id:flash' contains text 'Your username is invalid!'.</msg>
<status status="PASS" starttime="20220109 16:19:39.755" endtime="20220109 16:19:39.771"/>
</kw>
<kw name="Close All Browsers" library="Selenium2Library" type="TEARDOWN">
<doc>Closes all open browsers and resets the browser cache.</doc>
<status status="PASS" starttime="20220109 16:19:39.771" endtime="20220109 16:19:41.924"/>
</kw>
<status status="PASS" starttime="20220109 16:19:34.232" endtime="20220109 16:19:41.925"/>
</test>
<status status="PASS" starttime="20220109 16:19:09.731" endtime="20220109 16:19:41.927"/>
</suite>
<statistics>
<total>
<stat pass="3" fail="0" skip="0">All Tests</stat>
</total>
<tag>
</tag>
<suite>
<stat pass="3" fail="0" skip="0" id="s1" name="Demo">Demo</stat>
</suite>
</statistics>
<errors>
</errors>
</robot>
